Arguments: 
  C:\Program Files\nodejs\node.exe C:\Program Files (x86)\Yarn\bin\yarn.js

PATH: 
  C:\WINDOWS;C:\ProgramData\DockerDesktop\version-bin;C:\Program Files\Docker\Docker\Resources\bin;C:\Windows\system32;C:\Windows;C:\Windows\System32\Wbem;C:\Windows\System32\WindowsPowerShell\v1.0\;C:\Windows\System32\OpenSSH\;C:\Program Files\NVIDIA Corporation\NVIDIA NvDLISR;C:\Program Files\VSCodium\bin;C:\Program Files\Git\cmd;C:\Program Files\PuTTY\;C:\Program Files\dotnet\;C:\Program Files\Microsoft SQL Server\130\Tools\Binn\;C:\Program Files\Microsoft SQL Server\Client SDK\ODBC\170\Tools\Binn\;C:\Users\pawel\AppData\Roaming\nvm;C:\Program Files\nodejs;C:\WINDOWS\system32;C:\WINDOWS;C:\WINDOWS\System32\Wbem;C:\WINDOWS\System32\WindowsPowerShell\v1.0\;C:\WINDOWS\System32\OpenSSH\;C:\Program Files (x86)\Yarn\bin\;C:\Program Files (x86)\NVIDIA Corporation\PhysX\Common;C:\Users\pawel\AppData\Local\Microsoft\WindowsApps;C:\Users\pawel\AppData\Roaming\npm;C:\Users\pawel\AppData\Local\GitHubDesktop\bin;C:\Users\pawel\.deno\bin;C:\Users\pawel\AppData\Roaming\nvm;C:\Program Files\nodejs;C:\Users\pawel\AppData\Local\Microsoft\WindowsApps;C:\Users\pawel\AppData\Local\Yarn\bin

Yarn version: 
  1.17.3

Node version: 
  10.15.3

Platform: 
  win32 x64

Trace: 
  Error: EPERM: operation not permitted, lstat 'C:\Users\pawel\Documents\projects\code\pawelkrystkiewicz.github.io\node_modules\@ampproject\toolbox-core'

npm manifest: 
  {
    "name": "gh-pages",
    "version": "1.0.0",
    "scripts": {
      "dev": "next",
      "build": "next build",
      "start": "next start",
      "export": "next export",
      "deploy": "rm -rf node_modules/.cache && next build && next export && touch out/.nojekyll && git add out/ && git commit -m \"Deploy Next.js to gh-pages\" && git subtree push --prefix out origin gh-pages"
    },
    "dependencies": {
      "next": "latest",
      "react": "^16.7.0",
      "react-dom": "^16.7.0"
    },
    "license": "ISC",
    "devDependencies": {
      "babel-plugin-transform-define": "^1.3.0"
    }
  }

yarn manifest: 
  No manifest

Lockfile: 
  No lockfile
